2022-04-07 14:51:42,059 [INFO ] com.adactin.stepdefenition.CommonStepdefenition [main] -------------------Execution Starting--------------------
2022-04-07 14:51:42,122 [INFO ] com.adactin.stepdefenition.CommonStepdefenition [main] Starting  scenario
2022-04-07 14:51:42,123 [INFO ] com.adactin.stepdefenition.CommonStepdefenition [main] This scenario is to check if checkout date accepts valid input ADCTN-2
2022-04-07 14:51:42,163 [INFO ] com.adactin.stepdefenition.CommonStepdefenition [main] Loading properties
2022-04-07 14:51:42,177 [INFO ] com.adactin.stepdefenition.CommonStepdefenition [main] opening chrome Browser
2022-04-07 14:52:37,362 [INFO ] com.adactin.stepdefenition.VerifyUserLogin_StepDef [main] the_user_enters_the_username
2022-04-07 14:52:37,758 [INFO ] com.adactin.stepdefenition.VerifyUserLogin_StepDef [main] the_user_enters_the_password
2022-04-07 14:52:41,122 [INFO ] com.adactin.stepdefenition.VerifyUserLogin_StepDef [main] the_user_clicks_the_submit_button
2022-04-07 14:52:41,642 [INFO ] com.adactin.stepdefenition.SearchHotelToAcceptValidCheckoutDate_Stepdef [main] User Selects the location
2022-04-07 14:52:41,806 [INFO ] com.adactin.stepdefenition.SearchHotelToAcceptValidCheckoutDate_Stepdef [main] User Selects the hotel
2022-04-07 14:52:41,980 [INFO ] com.adactin.stepdefenition.SearchHotelToAcceptValidCheckoutDate_Stepdef [main] User Selects the room type
2022-04-07 14:52:42,127 [INFO ] com.adactin.stepdefenition.SearchHotelToAcceptValidCheckoutDate_Stepdef [main] User Selects the no of rooms
2022-04-07 14:52:42,638 [INFO ] com.adactin.stepdefenition.SearchHotelToAcceptValidCheckoutDate_Stepdef [main] User enters checkin date as 10/10/2022
2022-04-07 14:52:42,823 [INFO ] com.adactin.stepdefenition.SearchHotelToAcceptValidCheckoutDate_Stepdef [main] User enters checkout date as 9/10/2022
2022-04-07 14:52:43,606 [INFO ] com.adactin.stepdefenition.SearchHotelToAcceptValidCheckoutDate_Stepdef [main] User clicks on search button
2022-04-07 14:52:43,615 [INFO ] com.adactin.stepdefenition.SearchHotelToAcceptValidCheckoutDate_Stepdef [main] User is able to see the search hotel page which should not be possible
2022-04-07 14:52:44,139 [INFO ] com.adactin.stepdefenition.CommonStepdefenition [main] -------------------Execution Starting--------------------
2022-04-07 14:52:44,139 [INFO ] com.adactin.stepdefenition.CommonStepdefenition [main] Starting  scenario
2022-04-07 14:52:44,139 [INFO ] com.adactin.stepdefenition.CommonStepdefenition [main] This scenario is to check if checkin date accepts valid input ADCTN-3
2022-04-07 14:52:44,762 [INFO ] com.adactin.stepdefenition.VerifyUserLogin_StepDef [main] the_user_enters_the_username
2022-04-07 14:52:44,912 [INFO ] com.adactin.stepdefenition.VerifyUserLogin_StepDef [main] the_user_enters_the_password
2022-04-07 14:52:45,669 [INFO ] com.adactin.stepdefenition.VerifyUserLogin_StepDef [main] the_user_clicks_the_submit_button
2022-04-07 14:52:45,846 [INFO ] com.adactin.stepdefenition.SearchHotelToAcceptValidCheckoutDate_Stepdef [main] User Selects the location
2022-04-07 14:52:46,016 [INFO ] com.adactin.stepdefenition.SearchHotelToAcceptValidCheckoutDate_Stepdef [main] User Selects the hotel
2022-04-07 14:52:46,155 [INFO ] com.adactin.stepdefenition.SearchHotelToAcceptValidCheckoutDate_Stepdef [main] User Selects the room type
2022-04-07 14:52:46,286 [INFO ] com.adactin.stepdefenition.SearchHotelToAcceptValidCheckoutDate_Stepdef [main] User Selects the no of rooms
2022-04-07 14:52:46,450 [INFO ] com.adactin.stepdefenition.SearchHotelToAcceptValidCheckoutDate_Stepdef [main] User enters checkin date as 15/1/2022
2022-04-07 14:52:46,618 [INFO ] com.adactin.stepdefenition.SearchHotelToAcceptValidCheckoutDate_Stepdef [main] User enters checkout date as 20/1/2022
2022-04-07 14:52:47,116 [INFO ] com.adactin.stepdefenition.SearchHotelToAcceptValidCheckoutDate_Stepdef [main] User clicks on search button
2022-04-07 14:52:47,131 [INFO ] com.adactin.stepdefenition.SearchHotelToAcceptValidCheckoutDate_Stepdef [main] User is able to see the search hotel page which should not be possible
2022-04-07 14:52:47,886 [INFO ] com.adactin.stepdefenition.CommonStepdefenition [main] -------------------Execution Starting--------------------
2022-04-07 14:52:47,886 [INFO ] com.adactin.stepdefenition.CommonStepdefenition [main] Starting  scenario
2022-04-07 14:52:47,886 [INFO ] com.adactin.stepdefenition.CommonStepdefenition [main] This scenario is to check if correct hotel name is displayed in Select Hotel page ADCTN-4
2022-04-07 14:52:48,486 [INFO ] com.adactin.stepdefenition.VerifyUserLogin_StepDef [main] the_user_enters_the_username
2022-04-07 14:52:48,616 [INFO ] com.adactin.stepdefenition.VerifyUserLogin_StepDef [main] the_user_enters_the_password
2022-04-07 14:52:49,372 [INFO ] com.adactin.stepdefenition.VerifyUserLogin_StepDef [main] the_user_clicks_the_submit_button
2022-04-07 14:52:49,520 [INFO ] com.adactin.stepdefenition.SearchHotelToAcceptValidCheckoutDate_Stepdef [main] User Selects the location
2022-04-07 14:52:49,659 [INFO ] com.adactin.stepdefenition.SearchHotelToAcceptValidCheckoutDate_Stepdef [main] User Selects the hotel
2022-04-07 14:52:49,797 [INFO ] com.adactin.stepdefenition.SearchHotelToAcceptValidCheckoutDate_Stepdef [main] User Selects the room type
2022-04-07 14:52:49,930 [INFO ] com.adactin.stepdefenition.SearchHotelToAcceptValidCheckoutDate_Stepdef [main] User Selects the no of rooms
2022-04-07 14:52:50,092 [INFO ] com.adactin.stepdefenition.SearchHotelToAcceptValidCheckoutDate_Stepdef [main] User enters checkin date as 25/4/2022
2022-04-07 14:52:50,271 [INFO ] com.adactin.stepdefenition.SearchHotelToAcceptValidCheckoutDate_Stepdef [main] User enters checkout date as 28/4/2022
2022-04-07 14:52:50,995 [INFO ] com.adactin.stepdefenition.SearchHotelToAcceptValidCheckoutDate_Stepdef [main] User clicks on search button
2022-04-07 14:52:51,055 [INFO ] com.adactin.stepdefenition.SearchHotelToAcceptValidCheckoutDate_Stepdef [main] User is able to see the Correct Hotel which was selected previously ADCTN-4 testcase passed
2022-04-07 14:52:51,074 [INFO ] com.adactin.stepdefenition.CommonStepdefenition [main] -------------------Execution Starting--------------------
2022-04-07 14:52:51,074 [INFO ] com.adactin.stepdefenition.CommonStepdefenition [main] Starting  scenario
2022-04-07 14:52:51,074 [INFO ] com.adactin.stepdefenition.CommonStepdefenition [main] This scenario is to check if the user is able to see checkout date as entered in SearchHotel page ADCTN-5
2022-04-07 14:52:51,664 [INFO ] com.adactin.stepdefenition.VerifyUserLogin_StepDef [main] the_user_enters_the_username
2022-04-07 14:52:51,807 [INFO ] com.adactin.stepdefenition.VerifyUserLogin_StepDef [main] the_user_enters_the_password
2022-04-07 14:52:52,646 [INFO ] com.adactin.stepdefenition.VerifyUserLogin_StepDef [main] the_user_clicks_the_submit_button
2022-04-07 14:52:52,800 [INFO ] com.adactin.stepdefenition.SearchHotelToAcceptValidCheckoutDate_Stepdef [main] User Selects the location
2022-04-07 14:52:52,935 [INFO ] com.adactin.stepdefenition.SearchHotelToAcceptValidCheckoutDate_Stepdef [main] User Selects the hotel
2022-04-07 14:52:53,078 [INFO ] com.adactin.stepdefenition.SearchHotelToAcceptValidCheckoutDate_Stepdef [main] User Selects the room type
2022-04-07 14:52:53,208 [INFO ] com.adactin.stepdefenition.SearchHotelToAcceptValidCheckoutDate_Stepdef [main] User Selects the no of rooms
2022-04-07 14:52:53,366 [INFO ] com.adactin.stepdefenition.SearchHotelToAcceptValidCheckoutDate_Stepdef [main] User enters checkin date as 20/4/2022
2022-04-07 14:52:53,557 [INFO ] com.adactin.stepdefenition.SearchHotelToAcceptValidCheckoutDate_Stepdef [main] User enters checkout date as 24/4/2022
2022-04-07 14:52:54,042 [INFO ] com.adactin.stepdefenition.SearchHotelToAcceptValidCheckoutDate_Stepdef [main] User clicks on search button
2022-04-07 14:52:54,111 [INFO ] com.adactin.stepdefenition.SearchHotelToAcceptValidCheckoutDate_Stepdef [main] ADCTN-5 testcase passed: Checkout date is same as selected 
